[0m[[0mdebug[0m] [0mRunning TaskDef(edu.neu.coe.scala.RNGSpec, org.scalatest.tools.Framework$$anon$1@c6301fe, false, [SuiteSelector])[0m
[0m[[0minfo[0m] [0m[36mRun completed in 505 milliseconds.[0m[0m
[0m[[0minfo[0m] [0m[36mTotal number of tests run: 7[0m[0m
[0m[[0minfo[0m] [0m[36mSuites: completed 1, aborted 0[0m[0m
[0m[[0minfo[0m] [0m[36mTests: succeeded 3, failed 4, canceled 0, ignored 0, pending 0[0m[0m
[0m[[0minfo[0m] [0m[31m*** 4 TESTS FAILED ***[0m[0m
[0m[[31merror[0m] [0mFailed tests:[0m
[0m[[31merror[0m] [0m	edu.neu.coe.scala.RNGSpec[0m
[0m[[31merror[0m] [0m(test:[31mtest[0m) sbt.TestsFailedException: Tests unsuccessful[0m
